[2025-09-16 19:15:22] Iniciando procesamiento de referencias catastrales
[2025-09-16 19:15:22] Consultando: 4659114PD7045H
[2025-09-16 19:15:22] Fecha encontrada para 4659114PD7045H: 1994
[2025-09-16 19:15:23] Consultando: 4659115PD7045H
[2025-09-16 19:15:23] Fecha encontrada para 4659115PD7045H: 1994
[2025-09-16 19:15:23] Consultando: 4659116PD7045H
[2025-09-16 19:15:23] Fecha encontrada para 4659116PD7045H: 1994
[2025-09-16 19:15:24] Consultando: 4659201PD7045H
[2025-09-16 19:15:24] No existe el año de construcción para: 4659201PD7045H
[2025-09-16 19:15:25] Consultando: 4659301PD7045H
[2025-09-16 19:15:25] No existe el año de construcción para: 4659301PD7045H
[2025-09-16 19:15:26] Consultando: 7044526PD7074C
[2025-09-16 19:15:26] Fecha encontrada para 7044526PD7074C: 1960
[2025-09-16 19:15:27] Consultando: 7044527PD7074C
[2025-09-16 19:15:27] Fecha encontrada para 7044527PD7074C: 1960
[2025-09-16 19:15:28] Consultando: 7044528PD7074C
[2025-09-16 19:15:28] Fecha encontrada para 7044528PD7074C: 1960
[2025-09-16 19:15:29] Consultando: 7044529PD7074C
[2025-09-16 19:15:29] Fecha encontrada para 7044529PD7074C: 1960
[2025-09-16 19:15:29] Consultando: 7044531PD7074C
[2025-09-16 19:15:30] Fecha encontrada para 7044531PD7074C: 1960
[2025-09-16 19:15:30] Consultando: 7245018PD7074E
[2025-09-16 19:15:30] Fecha encontrada para 7245018PD7074E: 1960
[2025-09-16 19:15:31] Consultando: 7542301PD7074D
[2025-09-16 19:15:31] No existe el año de construcción para: 7542301PD7074D
[2025-09-16 19:15:32] Consultando: 7851204PD7075B
[2025-09-16 19:15:32] Fecha encontrada para 7851204PD7075B: 2010
[2025-09-16 19:15:32] Consultando: 6638607PC7963H
[2025-09-16 19:15:32] Fecha encontrada para 6638607PC7963H: 1995
[2025-09-16 19:15:33] Consultando: 8334453PD7083N
[2025-09-16 19:15:33] Fecha encontrada para 8334453PD7083N: 2000
[2025-09-16 19:15:33] Consultando: 4659113PD7045H
[2025-09-16 19:15:34] Fecha encontrada para 4659113PD7045H: 1994
[2025-09-16 19:15:34] Consultando: 7044525PD7074C
[2025-09-16 19:15:34] Fecha encontrada para 7044525PD7074C: 1960
[2025-09-16 19:15:35] Consultando: 4439506PD7043G
[2025-09-16 19:15:36] No existe el año de construcción para: 4439506PD7043G
[2025-09-16 19:15:37] Consultando: 4246002PD7044E
[2025-09-16 19:15:39] No existe el año de construcción para: 4246002PD7044E
[2025-09-16 19:15:39] Consultando: 4648703PD7044H
[2025-09-16 19:15:40] No existe el año de construcción para: 4648703PD7044H
[2025-09-16 19:15:40] Consultando: 5441102PD7054A
[2025-09-16 19:15:41] No existe el año de construcción para: 5441102PD7054A
[2025-09-16 19:15:42] Consultando: 5145501PD7054E
[2025-09-16 19:15:42] No existe el año de construcción para: 5145501PD7054E
[2025-09-16 19:15:43] Consultando: 5443603PD7054C
[2025-09-16 19:15:45] No existe el año de construcción para: 5443603PD7054C
[2025-09-16 19:15:45] Consultando: 5957101PD7055D
[2025-09-16 19:15:48] No existe el año de construcción para: 5957101PD7055D
[2025-09-16 19:15:48] Consultando: 5837502PD7053H
[2025-09-16 19:15:52] No existe el año de construcción para: 5837502PD7053H
[2025-09-16 19:15:52] Consultando: 5040001PD7054A
[2025-09-16 19:15:53] No existe el año de construcción para: 5040001PD7054A
[2025-09-16 19:15:54] Consultando: 6349801PD7064G
[2025-09-16 19:15:55] No existe el año de construcción para: 6349801PD7064G
[2025-09-16 19:15:56] Consultando: 4443201PD7044C
[2025-09-16 19:15:57] No existe el año de construcción para: 4443201PD7044C
[2025-09-16 19:15:57] Consultando: 4545702PD7044F
[2025-09-16 19:16:01] No existe el año de construcción para: 4545702PD7044F
[2025-09-16 19:16:02] Consultando: 4860001PD7046B
[2025-09-16 19:16:02] No existe el año de construcción para: 4860001PD7046B
[2025-09-16 19:16:03] Consultando: 8047107PD7048F
[2025-09-16 19:16:03] No existe el año de construcción para: 8047107PD7048F
[2025-09-16 19:16:04] Consultando: 4664501PD7046D
[2025-09-16 19:16:05] No existe el año de construcción para: 4664501PD7046D
[2025-09-16 19:16:05] Consultando: 5664301PD7056F
[2025-09-16 19:16:06] No existe el año de construcción para: 5664301PD7056F
[2025-09-16 19:16:06] Consultando: 5663426PD7056D
[2025-09-16 19:16:07] No existe el año de construcción para: 5663426PD7056D
[2025-09-16 19:16:07] Consultando: 4938801PD7043H
[2025-09-16 19:16:08] No existe el año de construcción para: 4938801PD7043H
[2025-09-16 19:16:08] Consultando: 4439505PD7043G
[2025-09-16 19:16:09] No existe el año de construcción para: 4439505PD7043G
[2025-09-16 19:16:10] Consultando: 4545701PD7044F
[2025-09-16 19:16:11] No existe el año de construcción para: 4545701PD7044F
[2025-09-16 19:16:12] Consultando: 4546007PD7044F
[2025-09-16 19:16:12] No existe el año de construcción para: 4546007PD7044F
[2025-09-16 19:16:13] Consultando: 4659401PD7045H
[2025-09-16 19:16:13] No existe el año de construcción para: 4659401PD7045H
[2025-09-16 19:16:13] Consultando: 5047004PD7054F
[2025-09-16 19:16:15] No existe el año de construcción para: 5047004PD7054F
[2025-09-16 19:16:15] Consultando: 5450807PD7055A
[2025-09-16 19:16:16] No existe el año de construcción para: 5450807PD7055A
[2025-09-16 19:16:17] Consultando: 5816001PD7051N
[2025-09-16 19:16:19] No existe el año de construcción para: 5816001PD7051N
[2025-09-16 19:16:20] Consultando: 5643737PD7054D
[2025-09-16 19:16:20] No existe el año de construcción para: 5643737PD7054D
[2025-09-16 19:16:21] Consultando: 4862301PD7046D
[2025-09-16 19:16:21] No existe el año de construcción para: 4862301PD7046D
[2025-09-16 19:16:22] Consultando: 5140101PD7054A
[2025-09-16 19:16:22] No existe el año de construcción para: 5140101PD7054A
[2025-09-16 19:16:23] Consultando: 5242001PD7054A
[2025-09-16 19:16:24] No existe el año de construcción para: 5242001PD7054A
[2025-09-16 19:16:24] Consultando: 5565024PD7056D
[2025-09-16 19:16:25] No existe el año de construcción para: 5565024PD7056D
[2025-09-16 19:16:25] Consultando: 5265502PD7056E
[2025-09-16 19:16:26] No existe el año de construcción para: 5265502PD7056E
[2025-09-16 19:16:27] Consultando: 5266203PD7056E
[2025-09-16 19:16:27] No existe el año de construcción para: 5266203PD7056E
[2025-09-16 19:16:28] Consultando: 5462302PD7056A
[2025-09-16 19:16:28] No existe el año de construcción para: 5462302PD7056A
[2025-09-16 19:16:29] Consultando: 4345002PD7044F
[2025-09-16 19:16:30] No existe el año de construcción para: 4345002PD7044F
[2025-09-16 19:16:30] Consultando: 5649808PD7054H
[2025-09-16 19:16:31] No existe el año de construcción para: 5649808PD7054H
[2025-09-16 19:16:31] Consultando: 5045001PD7054E
[2025-09-16 19:16:32] No existe el año de construcción para: 5045001PD7054E
[2025-09-16 19:16:32] Consultando: 8047104PD7048E
[2025-09-16 19:16:34] No existe el año de construcción para: 8047104PD7048E
[2025-09-16 19:16:34] Consultando: 5646201PD7054F
[2025-09-16 19:16:35] No existe el año de construcción para: 5646201PD7054F
[2025-09-16 19:16:35] Consultando: 5239303PD7053G
[2025-09-16 19:16:36] No existe el año de construcción para: 5239303PD7053G
[2025-09-16 19:16:36] Consultando: 5448701PD7054G
[2025-09-16 19:16:37] No existe el año de construcción para: 5448701PD7054G
[2025-09-16 19:16:37] Consultando: 5068007PD7056G
[2025-09-16 19:16:38] No existe el año de construcción para: 5068007PD7056G
[2025-09-16 19:16:38] Consultando: 5759106PD7055H
[2025-09-16 19:16:39] No existe el año de construcción para: 5759106PD7055H
[2025-09-16 19:16:40] Consultando: 4545705PD7044F
[2025-09-16 19:16:40] No existe el año de construcción para: 4545705PD7044F
[2025-09-16 19:16:41] Consultando: 4258901PD7045N
[2025-09-16 19:16:43] No existe el año de construcción para: 4258901PD7045N
[2025-09-16 19:16:43] Consultando: 5442225PD7054A
[2025-09-16 19:16:44] No existe el año de construcción para: 5442225PD7054A
[2025-09-16 19:16:45] Consultando: 5147308PD7054E
[2025-09-16 19:16:45] No existe el año de construcción para: 5147308PD7054E
[2025-09-16 19:16:46] Consultando: 5749807PD7054H
[2025-09-16 19:16:47] No existe el año de construcción para: 5749807PD7054H
[2025-09-16 19:16:47] Consultando: 4966802PD7046F
[2025-09-16 19:16:48] No existe el año de construcción para: 4966802PD7046F
[2025-09-16 19:16:49] Consultando: 5545407PD7054F
[2025-09-16 19:16:49] No existe el año de construcción para: 5545407PD7054F
[2025-09-16 19:16:50] Consultando: 5645101PD7054F
[2025-09-16 19:16:50] No existe el año de construcción para: 5645101PD7054F
[2025-09-16 19:16:51] Consultando: 5645203PD7054F
[2025-09-16 19:16:52] No existe el año de construcción para: 5645203PD7054F
[2025-09-16 19:16:52] Consultando: 5442201PD7054C
[2025-09-16 19:16:52] No existe el año de construcción para: 5442201PD7054C
[2025-09-16 19:16:53] Consultando: 5341402PD7054A
[2025-09-16 19:16:54] No existe el año de construcción para: 5341402PD7054A
[2025-09-16 19:16:54] Consultando: 5661364PD7056B
[2025-09-16 19:16:55] No existe el año de construcción para: 5661364PD7056B
[2025-09-16 19:16:55] Consultando: 5267303PD7056E
[2025-09-16 19:16:56] No existe el año de construcción para: 5267303PD7056E
[2025-09-16 19:16:56] Consultando: 6154607PD7065C
[2025-09-16 19:16:57] No existe el año de construcción para: 6154607PD7065C
[2025-09-16 19:16:58] Consultando: 6338301PD7063G
[2025-09-16 19:16:59] No existe el año de construcción para: 6338301PD7063G
[2025-09-16 19:17:00] Consultando: 5663403PD7056D
[2025-09-16 19:17:00] No existe el año de construcción para: 5663403PD7056D
[2025-09-16 19:17:00] Consultando: 4840101PD7044B
[2025-09-16 19:17:01] No existe el año de construcción para: 4840101PD7044B
[2025-09-16 19:17:02] Consultando: 4843002PD7044D
[2025-09-16 19:17:03] No existe el año de construcción para: 4843002PD7044D
[2025-09-16 19:17:03] Consultando: 5856622PD7055F
[2025-09-16 19:17:04] No existe el año de construcción para: 5856622PD7055F
[2025-09-16 19:17:04] Consultando: 5741055PD7054B
[2025-09-16 19:17:05] No existe el año de construcción para: 5741055PD7054B
[2025-09-16 19:17:05] Consultando: 5039601PD7053G
[2025-09-16 19:17:06] No existe el año de construcción para: 5039601PD7053G
[2025-09-16 19:17:06] Consultando: 5643732PD7054D
[2025-09-16 19:17:07] No existe el año de construcción para: 5643732PD7054D
[2025-09-16 19:17:07] Consultando: 5040501PD7054A
[2025-09-16 19:17:08] No existe el año de construcción para: 5040501PD7054A
[2025-09-16 19:17:09] Consultando: 5041001PD7054A
[2025-09-16 19:17:11] No existe el año de construcción para: 5041001PD7054A
[2025-09-16 19:17:11] Consultando: 5341401PD7054A
[2025-09-16 19:17:14] No existe el año de construcción para: 5341401PD7054A
[2025-09-16 19:17:15] Consultando: 5074301PD7057S
[2025-09-16 19:17:18] No existe el año de construcción para: 5074301PD7057S
[2025-09-16 19:17:19] Consultando: 5474301PD7057S
[2025-09-16 19:17:26] No existe el año de construcción para: 5474301PD7057S
[2025-09-16 19:17:27] Consultando: 5067302PD7056E
[2025-09-16 19:17:31] No existe el año de construcción para: 5067302PD7056E
[2025-09-16 19:17:31] Consultando: 4629101PD7042H
[2025-09-16 19:17:32] No existe el año de construcción para: 4629101PD7042H
[2025-09-16 19:17:33] Consultando: 4439501PD7043G
[2025-09-16 19:17:33] No existe el año de construcción para: 4439501PD7043G
[2025-09-16 19:17:34] Consultando: 4940201PD7044B
[2025-09-16 19:17:35] No existe el año de construcción para: 4940201PD7044B
[2025-09-16 19:17:35] Consultando: 4743005PD7044D
[2025-09-16 19:17:36] No existe el año de construcción para: 4743005PD7044D
[2025-09-16 19:17:36] Consultando: 5341403PD7054A
[2025-09-16 19:17:37] No existe el año de construcción para: 5341403PD7054A
[2025-09-16 19:17:37] Consultando: 4976701PD7047N
[2025-09-16 19:17:38] No existe el año de construcción para: 4976701PD7047N
[2025-09-16 19:17:39] Consultando: 5946702PD7054F
[2025-09-16 19:17:39] No existe el año de construcción para: 5946702PD7054F
[2025-09-16 19:17:40] Consultando: 5643734PD7054D
[2025-09-16 19:17:40] No existe el año de construcción para: 5643734PD7054D
[2025-09-16 19:17:41] Consultando: 5448704PD7054G
[2025-09-16 19:17:42] No existe el año de construcción para: 5448704PD7054G
[2025-09-16 19:17:42] Consultando: 5663428PD7056D
[2025-09-16 19:17:42] No existe el año de construcción para: 5663428PD7056D
[2025-09-16 19:17:43] Consultando: 4837101PD7043H
[2025-09-16 19:17:44] No existe el año de construcción para: 4837101PD7043H
[2025-09-16 19:17:45] Consultando: 4743002PD7044D
[2025-09-16 19:17:46] No existe el año de construcción para: 4743002PD7044D
[2025-09-16 19:17:46] Consultando: 4747001PD7044F
[2025-09-16 19:17:48] No existe el año de construcción para: 4747001PD7044F
[2025-09-16 19:17:48] Consultando: 4648701PD7044H
[2025-09-16 19:17:49] No existe el año de construcción para: 4648701PD7044H
[2025-09-16 19:17:50] Consultando: 5346105PD7054E
[2025-09-16 19:17:51] No existe el año de construcción para: 5346105PD7054E
[2025-09-16 19:17:51] Consultando: 5941701PD7054B
[2025-09-16 19:17:53] No existe el año de construcción para: 5941701PD7054B
[2025-09-16 19:17:53] Consultando: 4061603PD7046A
[2025-09-16 19:17:54] No existe el año de construcción para: 4061603PD7046A
[2025-09-16 19:17:54] Consultando: 5443607PD7054C
[2025-09-16 19:17:55] No existe el año de construcción para: 5443607PD7054C
[2025-09-16 19:17:56] Consultando: 5166601PD7056E
[2025-09-16 19:17:57] No existe el año de construcción para: 5166601PD7056E
[2025-09-16 19:17:57] Consultando: 5160022PD7056A
[2025-09-16 19:17:58] No existe el año de construcción para: 5160022PD7056A
[2025-09-16 19:17:58] Consultando: 5265501PD7056E
[2025-09-16 19:18:00] No existe el año de construcción para: 5265501PD7056E
[2025-09-16 19:18:00] Consultando: 6252501PD7065A
[2025-09-16 19:18:01] No existe el año de construcción para: 6252501PD7065A
[2025-09-16 19:18:01] Consultando: 7038401PD7073G
[2025-09-16 19:18:02] No existe el año de construcción para: 7038401PD7073G
[2025-09-16 19:18:03] Consultando: 4439509PD7043G
[2025-09-16 19:18:03] No existe el año de construcción para: 4439509PD7043G
[2025-09-16 19:18:04] Consultando: 4746707PD7044F
[2025-09-16 19:18:07] No existe el año de construcción para: 4746707PD7044F
[2025-09-16 19:18:07] Consultando: 4648702PD7044H
[2025-09-16 19:18:08] No existe el año de construcción para: 4648702PD7044H
[2025-09-16 19:18:08] Consultando: 4859001PD7045H
[2025-09-16 19:18:09] No existe el año de construcción para: 4859001PD7045H
[2025-09-16 19:18:09] Consultando: 5856623PD7055F
[2025-09-16 19:18:10] No existe el año de construcción para: 5856623PD7055F
[2025-09-16 19:18:10] Consultando: 5252601PD7055A
[2025-09-16 19:18:11] No existe el año de construcción para: 5252601PD7055A
[2025-09-16 19:18:12] Consultando: 5252602PD7055A
[2025-09-16 19:18:12] No existe el año de construcción para: 5252602PD7055A
[2025-09-16 19:18:13] Consultando: 5043406PD7054C
[2025-09-16 19:18:13] No existe el año de construcción para: 5043406PD7054C
[2025-09-16 19:18:14] Consultando: 5043804PD7054C
[2025-09-16 19:18:14] No existe el año de construcción para: 5043804PD7054C
[2025-09-16 19:18:15] Consultando: 4061605PD7046A
[2025-09-16 19:18:16] No existe el año de construcción para: 4061605PD7046A
[2025-09-16 19:18:16] Consultando: 5450810PD7055A
[2025-09-16 19:18:18] No existe el año de construcción para: 5450810PD7055A
[2025-09-16 19:18:18] Consultando: 5450811PD7055A
[2025-09-16 19:18:19] No existe el año de construcción para: 5450811PD7055A
[2025-09-16 19:18:20] Consultando: 5242002PD7054A
[2025-09-16 19:18:20] No existe el año de construcción para: 5242002PD7054A
[2025-09-16 19:18:21] Consultando: 6015103PD7061S
[2025-09-16 19:18:21] No existe el año de construcción para: 6015103PD7061S
[2025-09-16 19:18:22] Consultando: 5663425PD7056D
[2025-09-16 19:18:23] No existe el año de construcción para: 5663425PD7056D
[2025-09-16 19:18:23] Consultando: 5068009PD7056G
[2025-09-16 19:18:24] No existe el año de construcción para: 5068009PD7056G
[2025-09-16 19:18:24] Consultando: 5066722PD7056E
[2025-09-16 19:18:25] No existe el año de construcción para: 5066722PD7056E
[2025-09-16 19:18:26] Consultando: 5066736PD7056E
[2025-09-16 19:18:26] No existe el año de construcción para: 5066736PD7056E
[2025-09-16 19:18:27] Consultando: 4643101PD7044D
[2025-09-16 19:18:27] No existe el año de construcción para: 4643101PD7044D
[2025-09-16 19:18:28] Consultando: 4743003PD7044D
[2025-09-16 19:18:29] No existe el año de construcción para: 4743003PD7044D
[2025-09-16 19:18:29] Consultando: 4847302PD7044F
[2025-09-16 19:18:30] No existe el año de construcción para: 4847302PD7044F
[2025-09-16 19:18:31] Consultando: 5444304PD7054C
[2025-09-16 19:18:33] No existe el año de construcción para: 5444304PD7054C
[2025-09-16 19:18:33] Consultando: 5239304PD7053G
[2025-09-16 19:18:34] No existe el año de construcción para: 5239304PD7053G
[2025-09-16 19:18:34] Consultando: 5539701PD7053H
[2025-09-16 19:18:36] No existe el año de construcción para: 5539701PD7053H
[2025-09-16 19:18:37] Consultando: 5163208PD7056C
[2025-09-16 19:18:37] No existe el año de construcción para: 5163208PD7056C
[2025-09-16 19:18:38] Consultando: 6654602PD7065D
[2025-09-16 19:18:38] No existe el año de construcción para: 6654602PD7065D
[2025-09-16 19:18:39] Consultando: 6438001PD7063G
[2025-09-16 19:18:41] No existe el año de construcción para: 6438001PD7063G
[2025-09-16 19:18:41] Consultando: 4746701PD7044F
[2025-09-16 19:18:44] No existe el año de construcción para: 4746701PD7044F
[2025-09-16 19:18:45] Consultando: 4746703PD7044F
[2025-09-16 19:18:46] No existe el año de construcción para: 4746703PD7044F
[2025-09-16 19:18:47] Consultando: 4759001PD7045H
[2025-09-16 19:18:47] No existe el año de construcción para: 4759001PD7045H
[2025-09-16 19:18:48] Consultando: 4968405PD7046H
[2025-09-16 19:18:48] No existe el año de construcción para: 4968405PD7046H
[2025-09-16 19:18:49] Consultando: 5856232PD7055F
[2025-09-16 19:18:50] No existe el año de construcción para: 5856232PD7055F
[2025-09-16 19:18:50] Consultando: 5548801PD7054H
[2025-09-16 19:18:50] No existe el año de construcción para: 5548801PD7054H
[2025-09-16 19:18:51] Consultando: 5066737PD7056E
[2025-09-16 19:18:52] No existe el año de construcción para: 5066737PD7056E
[2025-09-16 19:18:52] Consultando: 5266215PD7056E
[2025-09-16 19:18:53] No existe el año de construcción para: 5266215PD7056E
[2025-09-16 19:18:54] Consultando: 6338001PD7063G
[2025-09-16 19:18:55] No existe el año de construcción para: 6338001PD7063G
[2025-09-16 19:18:55] Consultando: 6338101PD7063G
[2025-09-16 19:18:56] No existe el año de construcción para: 6338101PD7063G
[2025-09-16 19:18:56] Consultando: 4850401PD7045B
[2025-09-16 19:18:57] No existe el año de construcción para: 4850401PD7045B
[2025-09-16 19:18:58] Consultando: 5145503PD7054E
[2025-09-16 19:18:58] No existe el año de construcción para: 5145503PD7054E
[2025-09-16 19:18:59] Consultando: 5043803PD7054C
[2025-09-16 19:19:00] No existe el año de construcción para: 5043803PD7054C
[2025-09-16 19:19:00] Consultando: 5450808PD7055A
[2025-09-16 19:19:01] No existe el año de construcción para: 5450808PD7055A
[2025-09-16 19:19:02] Consultando: 5444305PD7054C
[2025-09-16 19:19:02] No existe el año de construcción para: 5444305PD7054C
[2025-09-16 19:19:03] Consultando: 5539302PD7053H
[2025-09-16 19:19:03] No existe el año de construcción para: 5539302PD7053H
[2025-09-16 19:19:04] Consultando: 5639403PD7053H
[2025-09-16 19:19:04] No existe el año de construcción para: 5639403PD7053H
[2025-09-16 19:19:05] Consultando: 4863801PD7046D
[2025-09-16 19:19:07] No existe el año de construcción para: 4863801PD7046D
[2025-09-16 19:19:07] Consultando: 5448702PD7054G
[2025-09-16 19:19:08] No existe el año de construcción para: 5448702PD7054G
[2025-09-16 19:19:08] Consultando: 5449301PD7054G
[2025-09-16 19:19:09] No existe el año de construcción para: 5449301PD7054G
[2025-09-16 19:19:10] Consultando: 5142601PD7054A
[2025-09-16 19:19:11] No existe el año de construcción para: 5142601PD7054A
[2025-09-16 19:19:12] Consultando: 5465101PD7056E
[2025-09-16 19:19:13] No existe el año de construcción para: 5465101PD7056E
[2025-09-16 19:19:13] Consultando: 5364801PD7056C
[2025-09-16 19:19:14] No existe el año de construcción para: 5364801PD7056C
[2025-09-16 19:19:14] Consultando: 5663427PD7056D
[2025-09-16 19:19:15] No existe el año de construcción para: 5663427PD7056D
[2025-09-16 19:19:16] Consultando: 5066801PD7056E
[2025-09-16 19:19:17] No existe el año de construcción para: 5066801PD7056E
[2025-09-16 19:19:17] Consultando: 5167709PD7056E
[2025-09-16 19:19:18] No existe el año de construcción para: 5167709PD7056E
[2025-09-16 19:19:19] Consultando: 5266201PD7056E
[2025-09-16 19:19:20] No existe el año de construcción para: 5266201PD7056E
[2025-09-16 19:19:20] Consultando: 4938601PD7043H
[2025-09-16 19:19:21] No existe el año de construcción para: 4938601PD7043H
[2025-09-16 19:19:22] Consultando: 4643001PD7044D
[2025-09-16 19:19:23] No existe el año de construcción para: 4643001PD7044D
[2025-09-16 19:19:23] Consultando: 4843004PD7044D
[2025-09-16 19:19:26] No existe el año de construcción para: 4843004PD7044D
[2025-09-16 19:19:26] Consultando: 4545707PD7044F
[2025-09-16 19:19:27] No existe el año de construcción para: 4545707PD7044F
[2025-09-16 19:19:27] Consultando: 5957104PD7055D
[2025-09-16 19:19:28] No existe el año de construcción para: 5957104PD7055D
[2025-09-16 19:19:28] Consultando: 5414001PD7051S
[2025-09-16 19:19:29] No existe el año de construcción para: 5414001PD7051S
[2025-09-16 19:19:30] Consultando: 4963101PD7046D
[2025-09-16 19:19:31] No existe el año de construcción para: 4963101PD7046D
[2025-09-16 19:19:31] Consultando: 5042701PD7054H
[2025-09-16 19:19:33] No existe el año de construcción para: 5042701PD7054H
[2025-09-16 19:19:33] Consultando: 4061705PD7046E
[2025-09-16 19:19:35] No existe el año de construcción para: 4061705PD7046E
[2025-09-16 19:19:36] Consultando: 5141301PD7054A
[2025-09-16 19:19:37] No existe el año de construcción para: 5141301PD7054A
[2025-09-16 19:19:37] Consultando: 5944706PD7054D
[2025-09-16 19:19:38] No existe el año de construcción para: 5944706PD7054D
[2025-09-16 19:19:39] Consultando: 5663401PD7056D
[2025-09-16 19:19:40] No existe el año de construcción para: 5663401PD7056D
[2025-09-16 19:19:41] Consultando: 5564247PD7056D
[2025-09-16 19:19:42] No existe el año de construcción para: 5564247PD7056D
[2025-09-16 19:19:42] Consultando: 5164015PD7056C
[2025-09-16 19:19:43] No existe el año de construcción para: 5164015PD7056C
[2025-09-16 19:19:43] Consultando: 4546009PD7044F
[2025-09-16 19:19:44] No existe el año de construcción para: 4546009PD7044F
[2025-09-16 19:19:44] Consultando: 4746705PD7044F
[2025-09-16 19:19:46] No existe el año de construcción para: 4746705PD7044F
[2025-09-16 19:19:46] Consultando: 5948601PD7054H
[2025-09-16 19:19:50] No existe el año de construcción para: 5948601PD7054H
[2025-09-16 19:19:50] Consultando: 5765003PD7046F
[2025-09-16 19:19:51] No existe el año de construcción para: 5765003PD7046F
[2025-09-16 19:19:52] Consultando: 5043802PD7054C
[2025-09-16 19:19:52] No existe el año de construcción para: 5043802PD7054C
[2025-09-16 19:19:53] Consultando: 5450812PD7055A
[2025-09-16 19:19:53] No existe el año de construcción para: 5450812PD7055A
[2025-09-16 19:19:54] Consultando: 5550508PD7055B
[2025-09-16 19:19:54] No existe el año de construcción para: 5550508PD7055B
[2025-09-16 19:19:55] Consultando: 5845604PD7054F
[2025-09-16 19:19:56] No existe el año de construcción para: 5845604PD7054F
[2025-09-16 19:19:56] Consultando: 5540901PD7053H
[2025-09-16 19:19:57] No existe el año de construcción para: 5540901PD7053H
[2025-09-16 19:19:58] Consultando: 5752201PD7055B
[2025-09-16 19:19:59] No existe el año de construcción para: 5752201PD7055B
[2025-09-16 19:19:59] Consultando: 5744010PD7054D
[2025-09-16 19:20:01] No existe el año de construcción para: 5744010PD7054D
[2025-09-16 19:20:01] Consultando: 5950505PD7055B
[2025-09-16 19:20:02] No existe el año de construcción para: 5950505PD7055B
[2025-09-16 19:20:03] Consultando: 5241702PD7054A
[2025-09-16 19:20:04] No existe el año de construcción para: 5241702PD7054A
[2025-09-16 19:20:04] Consultando: 5564244PD7056D
[2025-09-16 19:20:05] No existe el año de construcción para: 5564244PD7056D
[2025-09-16 19:20:05] Consultando: 6349421PD7064G
[2025-09-16 19:20:06] No existe el año de construcción para: 6349421PD7064G
[2025-09-16 19:20:06] Consultando: 6154606PD7065C
[2025-09-16 19:20:08] No existe el año de construcción para: 6154606PD7065C
[2025-09-16 19:20:08] Consultando: 5440801PD7054A
[2025-09-16 19:20:09] No existe el año de construcción para: 5440801PD7054A
[2025-09-16 19:20:09] Consultando: 8047108PD7048F
[2025-09-16 19:20:10] No existe el año de construcción para: 8047108PD7048F
[2025-09-16 19:20:11] Consultando: 5047003PD7054F
[2025-09-16 19:20:12] No existe el año de construcción para: 5047003PD7054F
[2025-09-16 19:20:12] Consultando: 5948604PD7054H
[2025-09-16 19:20:13] No existe el año de construcción para: 5948604PD7054H
[2025-09-16 19:20:14] Consultando: 5450802PD7055A
[2025-09-16 19:20:14] No existe el año de construcción para: 5450802PD7055A
[2025-09-16 19:20:15] Consultando: 5845105PD7054F
[2025-09-16 19:20:16] No existe el año de construcción para: 5845105PD7054F
[2025-09-16 19:20:16] Consultando: 5039301PD7053G
[2025-09-16 19:20:18] No existe el año de construcción para: 5039301PD7053G
[2025-09-16 19:20:18] Consultando: 5852811PD7055B
[2025-09-16 19:20:19] No existe el año de construcción para: 5852811PD7055B
[2025-09-16 19:20:20] Consultando: 5141302PD7054A
[2025-09-16 19:20:20] No existe el año de construcción para: 5141302PD7054A
[2025-09-16 19:20:21] Consultando: 5141601PD7054A
[2025-09-16 19:20:22] No existe el año de construcción para: 5141601PD7054A
[2025-09-16 19:20:23] Consultando: 5944701PD7054D
[2025-09-16 19:20:24] No existe el año de construcción para: 5944701PD7054D
[2025-09-16 19:20:24] Consultando: 5241701PD7054A
[2025-09-16 19:20:25] No existe el año de construcción para: 5241701PD7054A
[2025-09-16 19:20:25] Consultando: 5465102PD7056E
[2025-09-16 19:20:26] No existe el año de construcción para: 5465102PD7056E
[2025-09-16 19:20:27] Consultando: 5564204PD7056D
[2025-09-16 19:20:27] No existe el año de construcción para: 5564204PD7056D
[2025-09-16 19:20:28] Consultando: 5571101PD7057B
[2025-09-16 19:20:29] No existe el año de construcción para: 5571101PD7057B
[2025-09-16 19:20:29] Consultando: 6316402PD7061N
[2025-09-16 19:20:30] No existe el año de construcción para: 6316402PD7061N
[2025-09-16 19:20:30] Consultando: 4938602PD7043H
[2025-09-16 19:20:31] No existe el año de construcción para: 4938602PD7043H
[2025-09-16 19:20:32] Consultando: 5146301PD7054E
[2025-09-16 19:20:32] No existe el año de construcción para: 5146301PD7054E
[2025-09-16 19:20:33] Consultando: 5545405PD7054F
[2025-09-16 19:20:34] No existe el año de construcción para: 5545405PD7054F
[2025-09-16 19:20:34] Consultando: 4061606PD7046A
[2025-09-16 19:20:35] No existe el año de construcción para: 4061606PD7046A
[2025-09-16 19:20:35] Consultando: 5465104PD7056E
[2025-09-16 19:20:36] No existe el año de construcción para: 5465104PD7056E
[2025-09-16 19:20:37] Consultando: 6448453PD7064G
[2025-09-16 19:20:38] No existe el año de construcción para: 6448453PD7064G
[2025-09-16 19:20:38] Consultando: 4246003PD7044E
[2025-09-16 19:20:39] No existe el año de construcción para: 4246003PD7044E
[2025-09-16 19:20:39] Consultando: 4845401PD7044F
[2025-09-16 19:20:40] No existe el año de construcción para: 4845401PD7044F
[2025-09-16 19:20:41] Consultando: 5044301PD7054C
[2025-09-16 19:20:42] No existe el año de construcción para: 5044301PD7054C
[2025-09-16 19:20:43] Consultando: 5039801PD7053G
[2025-09-16 19:20:45] No existe el año de construcción para: 5039801PD7053G
[2025-09-16 19:20:46] Consultando: 5950507PD7055B
[2025-09-16 19:20:46] No existe el año de construcción para: 5950507PD7055B
[2025-09-16 19:20:47] Consultando: 6349431PD7064G
[2025-09-16 19:20:48] No existe el año de construcción para: 6349431PD7064G
[2025-09-16 19:20:48] Consultando: 5951404PD7055B
[2025-09-16 19:20:49] No existe el año de construcción para: 5951404PD7055B
[2025-09-16 19:20:49] Consultando: 5262016PD7056C
[2025-09-16 19:20:51] No existe el año de construcción para: 5262016PD7056C
[2025-09-16 19:20:51] Consultando: 5240701PD7054A
[2025-09-16 19:20:52] No existe el año de construcción para: 5240701PD7054A
[2025-09-16 19:20:53] Consultando: 6045007PD7064E
[2025-09-16 19:20:53] No existe el año de construcción para: 6045007PD7064E
[2025-09-16 19:20:54] Consultando: 5047001PD7054H
[2025-09-16 19:20:56] No existe el año de construcción para: 5047001PD7054H
[2025-09-16 19:20:56] Consultando: 5364601PD7056C
[2025-09-16 19:20:57] No existe el año de construcción para: 5364601PD7056C
[2025-09-16 19:20:57] Procesamiento completado. Éxitos: 228/228
